Build started 4/8/2015 10:27:30 AM.
     1>Project "C:\Users\Alan\Documents\Visual Studio 2013\Projects\CCSF\CCSF-CS110B--VS--Retake\2015-04-08 Classes II B\2015-04-08 Classes II B\2015-04-08 Classes II B.vcxproj" on node 2 (Build target(s)).
     1>ClCompile:
         C:\Program Files (x86)\Microsoft Visual Studio 12.0\VC\bin\CL.exe /c /ZI /nologo /W3 /WX- /sdl /Od /Oy- /D WIN32 /D _DEBUG /D _CONSOLE /D _LIB /D _UNICODE /D UNICODE /Gm /EHsc /RTC1 /MDd /GS /fp:precise /Zc:wchar_t /Zc:forScope /Yu"stdafx.h" /Fp"Debug\2015-04-08 Classes II B.pch" /Fo"Debug\\" /Fd"Debug\vc120.pdb" /Gd /TP /analyze- /errorReport:prompt Rectangle.cpp
         Rectangle.cpp
     1>c:\users\alan\documents\visual studio 2013\projects\ccsf\ccsf-cs110b--vs--retake\2015-04-08 classes ii b\2015-04-08 classes ii b\rectangle.cpp(16): error C2065: 'width' : undeclared identifier
     1>Done Building Project "C:\Users\Alan\Documents\Visual Studio 2013\Projects\CCSF\CCSF-CS110B--VS--Retake\2015-04-08 Classes II B\2015-04-08 Classes II B\2015-04-08 Classes II B.vcxproj" (Build target(s)) -- FAILED.

Build FAILED.

Time Elapsed 00:00:00.30
