Build started 4/6/2015 10:57:30 AM.
     1>Project "C:\Users\Alan\Documents\Visual Studio 2013\Projects\CCSF\CCSF-CS110B--VS--Retake\2015-04-06 Classes II A\2015-04-06 Classes II A\2015-04-06 Classes II A.vcxproj" on node 2 (Build target(s)).
     1>ClCompile:
         C:\Program Files (x86)\Microsoft Visual Studio 12.0\VC\bin\CL.exe /c /ZI /nologo /W3 /WX- /sdl /Od /Oy- /D WIN32 /D _DEBUG /D _CONSOLE /D _LIB /D _UNICODE /D UNICODE /Gm /EHsc /RTC1 /MDd /GS /fp:precise /Zc:wchar_t /Zc:forScope /Yu"stdafx.h" /Fp"Debug\2015-04-06 Classes II A.pch" /Fo"Debug\\" /Fd"Debug\vc120.pdb" /Gd /TP /analyze- /errorReport:prompt "2015-04-06 Classes II A.cpp"
         2015-04-06 Classes II A.cpp
     1>c:\users\alan\documents\visual studio 2013\projects\ccsf\ccsf-cs110b--vs--retake\2015-04-06 classes ii a\2015-04-06 classes ii a\2015-04-06 classes ii a.cpp(29): error C2059: syntax error : ']'
     1>c:\users\alan\documents\visual studio 2013\projects\ccsf\ccsf-cs110b--vs--retake\2015-04-06 classes ii a\2015-04-06 classes ii a\2015-04-06 classes ii a.cpp(30): error C2660: 'rectangle::print_name' : function does not take 1 arguments
     1>c:\users\alan\documents\visual studio 2013\projects\ccsf\ccsf-cs110b--vs--retake\2015-04-06 classes ii a\2015-04-06 classes ii a\2015-04-06 classes ii a.cpp(33): error C2065: 'user_input' : undeclared identifier
     1>c:\users\alan\documents\visual studio 2013\projects\ccsf\ccsf-cs110b--vs--retake\2015-04-06 classes ii a\2015-04-06 classes ii a\2015-04-06 classes ii a.cpp(34): error C2065: 'user_input' : undeclared identifier
     1>c:\users\alan\documents\visual studio 2013\projects\ccsf\ccsf-cs110b--vs--retake\2015-04-06 classes ii a\2015-04-06 classes ii a\2015-04-06 classes ii a.cpp(37): error C2065: 'user_input' : undeclared identifier
     1>c:\users\alan\documents\visual studio 2013\projects\ccsf\ccsf-cs110b--vs--retake\2015-04-06 classes ii a\2015-04-06 classes ii a\2015-04-06 classes ii a.cpp(38): error C2065: 'user_input' : undeclared identifier
     1>Done Building Project "C:\Users\Alan\Documents\Visual Studio 2013\Projects\CCSF\CCSF-CS110B--VS--Retake\2015-04-06 Classes II A\2015-04-06 Classes II A\2015-04-06 Classes II A.vcxproj" (Build target(s)) -- FAILED.

Build FAILED.

Time Elapsed 00:00:00.30
